<?xml version="1.0" encoding="UTF-8"?>
<testng-results skipped="0" failed="0" ignored="0" total="3" passed="3">
  <reporter-output>
  </reporter-output>
  <suite name="Default suite" duration-ms="6251" started-at="2021-05-23T15:46:44Z" finished-at="2021-05-23T15:46:50Z">
    <groups>
    </groups>
    <test name="Default test" duration-ms="6251" started-at="2021-05-23T15:46:44Z" finished-at="2021-05-23T15:46:50Z">
      <class name="restAPI.LibraryAPI">
        <test-method status="PASS" signature="addBook(java.lang.String, java.lang.String)[pri:0, instance:restAPI.LibraryAPI@1593948d]" name="addBook" duration-ms="5520" started-at="2021-05-23T21:16:44Z" data-provider="BooksData" finished-at="2021-05-23T21:16:50Z">
          <params>
            <param index="0">
              <value>
                <![CDATA[kllm]]>
              </value>
            </param>
            <param index="1">
              <value>
                <![CDATA[9988]]>
              </value>
            </param>
          </params>
          <reporter-output>
          </reporter-output>
        </test-method> <!-- addBook -->
        <test-method status="PASS" signature="addBook(java.lang.String, java.lang.String)[pri:0, instance:restAPI.LibraryAPI@1593948d]" name="addBook" duration-ms="322" started-at="2021-05-23T21:16:50Z" data-provider="BooksData" finished-at="2021-05-23T21:16:50Z">
          <params>
            <param index="0">
              <value>
                <![CDATA[jkli]]>
              </value>
            </param>
            <param index="1">
              <value>
                <![CDATA[7225]]>
              </value>
            </param>
          </params>
          <reporter-output>
          </reporter-output>
        </test-method> <!-- addBook -->
        <test-method status="PASS" signature="addBook(java.lang.String, java.lang.String)[pri:0, instance:restAPI.LibraryAPI@1593948d]" name="addBook" duration-ms="326" started-at="2021-05-23T21:16:50Z" data-provider="BooksData" finished-at="2021-05-23T21:16:50Z">
          <params>
            <param index="0">
              <value>
                <![CDATA[lljy]]>
              </value>
            </param>
            <param index="1">
              <value>
                <![CDATA[9915]]>
              </value>
            </param>
          </params>
          <reporter-output>
          </reporter-output>
        </test-method> <!-- addBook -->
      </class> <!-- restAPI.LibraryAPI -->
    </test> <!-- Default test -->
  </suite> <!-- Default suite -->
</testng-results>
